0 info it worked if it ends with ok
1 verbose cli [ '/usr/local/Cellar/node/4.2.1/bin/node',
1 verbose cli   '/usr/local/bin/npm',
1 verbose cli   'install',
1 verbose cli   'loadash',
1 verbose cli   '--save' ]
2 info using npm@2.14.7
3 info using node@v4.2.1
4 verbose install initial load of /Users/Gaplo917/myApp/package.json
5 warn package.json myapp@1.1.1 No repository field.
6 warn package.json myapp@1.1.1 No license field.
7 verbose installManyTop reading scoped package data from /Users/Gaplo917/myApp/node_modules/babel-preset-es2015/package.json
8 verbose installManyTop reading scoped package data from /Users/Gaplo917/myApp/node_modules/babel-preset-react/package.json
9 verbose installManyTop reading scoped package data from /Users/Gaplo917/myApp/node_modules/babelify/package.json
10 verbose installManyTop reading scoped package data from /Users/Gaplo917/myApp/node_modules/bower/package.json
11 verbose installManyTop reading scoped package data from /Users/Gaplo917/myApp/node_modules/browserify/package.json
12 verbose installManyTop reading scoped package data from /Users/Gaplo917/myApp/node_modules/cheerio/package.json
13 verbose installManyTop reading scoped package data from /Users/Gaplo917/myApp/node_modules/gulp/package.json
14 verbose installManyTop reading scoped package data from /Users/Gaplo917/myApp/node_modules/gulp-babel/package.json
15 verbose installManyTop reading scoped package data from /Users/Gaplo917/myApp/node_modules/gulp-concat/package.json
16 verbose installManyTop reading scoped package data from /Users/Gaplo917/myApp/node_modules/gulp-minify-css/package.json
17 verbose installManyTop reading scoped package data from /Users/Gaplo917/myApp/node_modules/gulp-plumber/package.json
18 verbose installManyTop reading scoped package data from /Users/Gaplo917/myApp/node_modules/gulp-rename/package.json
19 verbose installManyTop reading scoped package data from /Users/Gaplo917/myApp/node_modules/gulp-sass/package.json
20 verbose installManyTop reading scoped package data from /Users/Gaplo917/myApp/node_modules/gulp-util/package.json
21 verbose installManyTop reading scoped package data from /Users/Gaplo917/myApp/node_modules/shelljs/package.json
22 info package.json gulp-rename@1.2.2 No license field.
23 info package.json gulp-util@2.2.20 No license field.
24 info package.json shelljs@0.3.0 license should be a valid SPDX license expression
25 info package.json gulp-minify-css@0.3.13 No license field.
26 verbose readDependencies loading dependencies from /Users/Gaplo917/myApp/package.json
27 silly cache add args [ 'loadash', null ]
28 verbose cache add spec loadash
29 silly cache add parsed spec Result {
29 silly cache add   raw: 'loadash',
29 silly cache add   scope: null,
29 silly cache add   name: 'loadash',
29 silly cache add   rawSpec: '',
29 silly cache add   spec: '*',
29 silly cache add   type: 'range' }
30 silly addNamed loadash@*
31 verbose addNamed "*" is a valid semver range for loadash
32 silly addNameRange { name: 'loadash', range: '*', hasData: false }
33 silly mapToRegistry name loadash
34 silly mapToRegistry using default registry
35 silly mapToRegistry registry https://registry.npmjs.org/
36 silly mapToRegistry uri https://registry.npmjs.org/loadash
37 verbose addNameRange registry:https://registry.npmjs.org/loadash not in flight; fetching
38 verbose request uri https://registry.npmjs.org/loadash
39 verbose request no auth needed
40 info attempt registry request try #1 at 2:37:13 PM
41 verbose request id 5b7f16fe2570eee7
42 http request GET https://registry.npmjs.org/loadash
43 http 404 https://registry.npmjs.org/loadash
44 verbose headers { 'content-type': 'application/json',
44 verbose headers   'cache-control': 'max-age=0',
44 verbose headers   'content-length': '2',
44 verbose headers   'accept-ranges': 'bytes',
44 verbose headers   date: 'Sat, 09 Jan 2016 06:37:14 GMT',
44 verbose headers   via: '1.1 varnish',
44 verbose headers   age: '0',
44 verbose headers   connection: 'keep-alive',
44 verbose headers   'x-served-by': 'cache-hkg6824-HKG',
44 verbose headers   'x-cache': 'MISS',
44 verbose headers   'x-cache-hits': '0',
44 verbose headers   'x-timer': 'S1452321433.511063,VS0,VE911' }
45 silly get cb [ 404,
45 silly get   { 'content-type': 'application/json',
45 silly get     'cache-control': 'max-age=0',
45 silly get     'content-length': '2',
45 silly get     'accept-ranges': 'bytes',
45 silly get     date: 'Sat, 09 Jan 2016 06:37:14 GMT',
45 silly get     via: '1.1 varnish',
45 silly get     age: '0',
45 silly get     connection: 'keep-alive',
45 silly get     'x-served-by': 'cache-hkg6824-HKG',
45 silly get     'x-cache': 'MISS',
45 silly get     'x-cache-hits': '0',
45 silly get     'x-timer': 'S1452321433.511063,VS0,VE911' } ]
46 verbose stack Error: Registry returned 404 for GET on https://registry.npmjs.org/loadash
46 verbose stack     at makeError (/usr/local/lib/node_modules/npm/node_modules/npm-registry-client/lib/request.js:264:12)
46 verbose stack     at CachingRegistryClient.<anonymous> (/usr/local/lib/node_modules/npm/node_modules/npm-registry-client/lib/request.js:242:14)
46 verbose stack     at Request._callback (/usr/local/lib/node_modules/npm/node_modules/npm-registry-client/lib/request.js:172:14)
46 verbose stack     at Request.self.callback (/usr/local/lib/node_modules/npm/node_modules/request/request.js:198:22)
46 verbose stack     at emitTwo (events.js:87:13)
46 verbose stack     at Request.emit (events.js:172:7)
46 verbose stack     at Request.<anonymous> (/usr/local/lib/node_modules/npm/node_modules/request/request.js:1063:14)
46 verbose stack     at emitOne (events.js:82:20)
46 verbose stack     at Request.emit (events.js:169:7)
46 verbose stack     at IncomingMessage.<anonymous> (/usr/local/lib/node_modules/npm/node_modules/request/request.js:1009:12)
47 verbose statusCode 404
48 verbose pkgid loadash
49 verbose cwd /Users/Gaplo917/myApp
50 error Darwin 15.0.0
51 error argv "/usr/local/Cellar/node/4.2.1/bin/node" "/usr/local/bin/npm" "install" "loadash" "--save"
52 error node v4.2.1
53 error npm  v2.14.7
54 error code E404
55 error 404 Registry returned 404 for GET on https://registry.npmjs.org/loadash
55 error 404
55 error 404 'loadash' is not in the npm registry.
55 error 404 You should bug the author to publish it (or use the name yourself!)
55 error 404 It was specified as a dependency of 'myapp'
55 error 404
55 error 404 Note that you can also install from a
55 error 404 tarball, folder, http url, or git url.
56 verbose exit [ 1, true ]
